Sun Jul 20 03:53:36 AM UTC 2025: Starting GDS to MAG using Magic /workspaces/OpenRAM/miniconda/bin/magic

Magic 8.3 revision 363 - Compiled on Tue 11 Apr 2023 03:01:40 PM PDT.
Starting magic under Tcl interpreter
Using the terminal as the console.
Using NULL graphics device.
Processing system .magicrc file
Sourcing design .magicrc for technology sky130A ...
2 Magic internal units = 1 Lambda
Input style sky130(vendor): scaleFactor=2, multiplier=2
The following types are not handled by extraction and will be treated as non-electrical types:
    ubm 
Scaled tech values by 2 / 1 to match internal grid scaling
Loading sky130A Device Generator Menu ...
Using technology "sky130A", version 1.0.291-63-ge829452
Warning: Calma reading is not undoable!  I hope that's OK.
Library written using GDS-II Release 5.0
Library name: DEFAULT.DB
Reading "sky130_rom_krom".
Reading "sky130_rom_krom_rom_base_array".
Reading "sky130_rom_krom_rom_poly_tap".
Reading "sky130_rom_krom_contact_11".
Saving contents of cell sky130_rom_krom_contact_11
Reading "sky130_rom_krom_contact_12".
Saving contents of cell sky130_rom_krom_contact_12
Reading "sky130_rom_krom_contact_13".
Saving contents of cell sky130_rom_krom_contact_13
Reading "sky130_rom_krom_rom_base_zero_cell".
Reading "sky130_rom_krom_nmos_m1_w0_360_sm1_dm1".
Reading "sky130_rom_krom_contact_8".
Saving contents of cell sky130_rom_krom_contact_8
Reading "sky130_rom_krom_contact_9".
Saving contents of cell sky130_rom_krom_contact_9
Saving contents of cell sky130_rom_krom_nmos_m1_w0_360_sm1_dm1
Reading "sky130_rom_krom_rom_base_one_cell".
Reading "sky130_rom_krom_rom_precharge_array".
Reading "sky130_rom_krom_rom_poly_tap_0".
Reading "sky130_rom_krom_precharge_cell".
Reading "sky130_rom_krom_pmos_m1_w0_420_sli_dm1".
Reading "sky130_rom_krom_contact_10".
Saving contents of cell sky130_rom_krom_contact_10
Reading "sky130_rom_krom_contact_14".
Saving contents of cell sky130_rom_krom_contact_14
Saving contents of cell sky130_rom_krom_pmos_m1_w0_420_sli_dm1
Reading "sky130_rom_krom_contact_15".
Saving contents of cell sky130_rom_krom_contact_15
Reading "sky130_rom_krom_contact_16".
Saving contents of cell sky130_rom_krom_contact_16
Reading "sky130_rom_krom_contact_17".
Saving contents of cell sky130_rom_krom_contact_17
Reading "sky130_rom_krom_contact_18".
Saving contents of cell sky130_rom_krom_contact_18
Reading "sky130_rom_krom_rom_row_decode".
Reading "sky130_rom_krom_rom_row_decode_array".
Reading "sky130_rom_krom_rom_poly_tap_1".
Reading "sky130_rom_krom_rom_poly_tap_2".
Reading "sky130_rom_krom_rom_precharge_array_0".
Reading "sky130_rom_krom_rom_poly_tap_3".
Reading "sky130_rom_krom_contact_21".
Saving contents of cell sky130_rom_krom_contact_21
Reading "sky130_rom_krom_contact_22".
Saving contents of cell sky130_rom_krom_contact_22
Reading "sky130_rom_krom_rom_address_control_array".
Reading "sky130_rom_krom_rom_address_control_buf".
Reading "sky130_rom_krom_inv_array_mod".
Reading "sky130_rom_krom_pmos_m1_w3_000_sli_dli_da_p".
Saving contents of cell sky130_rom_krom_pmos_m1_w3_000_sli_dli_da_p
Reading "sky130_rom_krom_nmos_m1_w0_740_sli_dli_da_p".
Saving contents of cell sky130_rom_krom_nmos_m1_w0_740_sli_dli_da_p
Reading "sky130_fd_bd_sram__openram_sp_nand2_dec".
Reading "sky130_rom_krom_contact_19".
Saving contents of cell sky130_rom_krom_contact_19
Reading "sky130_rom_krom_contact_20".
Saving contents of cell sky130_rom_krom_contact_20
Reading "sky130_rom_krom_rom_row_decode_wordline_buffer".
Reading "sky130_rom_krom_pbuf_dec".
Reading "sky130_rom_krom_pinv_dec_0".
Reading "sky130_rom_krom_pmos_m1_w7_000_sli_dli_da_p".
Saving contents of cell sky130_rom_krom_pmos_m1_w7_000_sli_dli_da_p
Reading "sky130_rom_krom_nmos_m1_w3_000_sli_dli_da_p".
Saving contents of cell sky130_rom_krom_nmos_m1_w3_000_sli_dli_da_p
Reading "sky130_rom_krom_pinv_dec_1".
Reading "sky130_rom_krom_nmos_m1_w7_000_sli_dli_da_p".
Saving contents of cell sky130_rom_krom_nmos_m1_w7_000_sli_dli_da_p
Reading "sky130_rom_krom_rom_control_logic".
Reading "sky130_rom_krom_rom_clock_driver".
Reading "sky130_rom_krom_pinv".
Reading "sky130_rom_krom_pmos_m1_w1_120_sli_dli_da_p".
Saving contents of cell sky130_rom_krom_pmos_m1_w1_120_sli_dli_da_p
Reading "sky130_rom_krom_nmos_m1_w0_360_sli_dli_da_p".
Saving contents of cell sky130_rom_krom_nmos_m1_w0_360_sli_dli_da_p
Reading "sky130_rom_krom_contact_26".
Saving contents of cell sky130_rom_krom_contact_26
Reading "sky130_rom_krom_contact_27".
Saving contents of cell sky130_rom_krom_contact_27
Reading "sky130_rom_krom_pinv_0".
Reading "sky130_rom_krom_pmos_m2_w1_260_sli_dli_da_p".
Saving contents of cell sky130_rom_krom_pmos_m2_w1_260_sli_dli_da_p
Reading "sky130_rom_krom_nmos_m2_w0_740_sli_dli_da_p".
Saving contents of cell sky130_rom_krom_nmos_m2_w0_740_sli_dli_da_p
Reading "sky130_rom_krom_pinv_1".
Reading "sky130_rom_krom_pmos_m3_w3_000_sli_dli_da_p".
Saving contents of cell sky130_rom_krom_pmos_m3_w3_000_sli_dli_da_p
Reading "sky130_rom_krom_nmos_m3_w3_000_sli_dli_da_p".
Saving contents of cell sky130_rom_krom_nmos_m3_w3_000_sli_dli_da_p
Reading "sky130_rom_krom_rom_control_nand".
Reading "sky130_rom_krom_pmos_m1_w1_120_sli_dli".
Saving contents of cell sky130_rom_krom_pmos_m1_w1_120_sli_dli
Reading "sky130_rom_krom_nmos_m1_w0_740_sli_dactive".
Saving contents of cell sky130_rom_krom_nmos_m1_w0_740_sli_dactive
Reading "sky130_rom_krom_nmos_m1_w0_740_sactive_dli".
Saving contents of cell sky130_rom_krom_nmos_m1_w0_740_sactive_dli
Reading "sky130_rom_krom_rom_precharge_driver".
Reading "sky130_rom_krom_pinv_2".
Reading "sky130_rom_krom_pmos_m2_w2_000_sli_dli_da_p".
Saving contents of cell sky130_rom_krom_pmos_m2_w2_000_sli_dli_da_p
Reading "sky130_rom_krom_nmos_m2_w1_260_sli_dli_da_p".
Saving contents of cell sky130_rom_krom_nmos_m2_w1_260_sli_dli_da_p
Reading "sky130_rom_krom_pinv_3".
Reading "sky130_rom_krom_pmos_m4_w3_000_sli_dli_da_p".
Saving contents of cell sky130_rom_krom_pmos_m4_w3_000_sli_dli_da_p
Reading "sky130_rom_krom_nmos_m4_w2_000_sli_dli_da_p".
Saving contents of cell sky130_rom_krom_nmos_m4_w2_000_sli_dli_da_p
Reading "sky130_rom_krom_pinv_4".
Reading "sky130_rom_krom_pmos_m7_w5_000_sli_dli_da_p".
Saving contents of cell sky130_rom_krom_pmos_m7_w5_000_sli_dli_da_p
Reading "sky130_rom_krom_nmos_m7_w3_000_sli_dli_da_p".
Saving contents of cell sky130_rom_krom_nmos_m7_w3_000_sli_dli_da_p
Reading "sky130_rom_krom_pinv_5".
Reading "sky130_rom_krom_pmos_m20_w5_000_sli_dli_da_p".
Saving contents of cell sky130_rom_krom_pmos_m20_w5_000_sli_dli_da_p
Reading "sky130_rom_krom_nmos_m20_w5_000_sli_dli_da_p".
Saving contents of cell sky130_rom_krom_nmos_m20_w5_000_sli_dli_da_p
Reading "sky130_rom_krom_rom_column_mux_array".
Reading "sky130_rom_krom_rom_column_mux".
Reading "sky130_rom_krom_nmos_m1_w2_880_sli_dli".
Saving contents of cell sky130_rom_krom_nmos_m1_w2_880_sli_dli
Reading "sky130_rom_krom_contact_23".
Saving contents of cell sky130_rom_krom_contact_23
Reading "sky130_rom_krom_contact_24".
Saving contents of cell sky130_rom_krom_contact_24
Reading "sky130_rom_krom_contact_25".
Saving contents of cell sky130_rom_krom_contact_25
Reading "sky130_rom_krom_rom_column_decode".
Reading "sky130_rom_krom_rom_column_decode_wordline_buffer".
Reading "sky130_rom_krom_pinv_dec_2".
Reading "sky130_rom_krom_rom_bitline_inverter".
Reading "sky130_rom_krom_pinv_dec_3".
Reading "sky130_rom_krom_pmos_m1_w5_000_sli_dli_da_p".
Saving contents of cell sky130_rom_krom_pmos_m1_w5_000_sli_dli_da_p
Reading "sky130_rom_krom_nmos_m1_w1_680_sli_dli_da_p".
Saving contents of cell sky130_rom_krom_nmos_m1_w1_680_sli_dli_da_p
Reading "sky130_rom_krom_rom_output_buffer".
Reading "sky130_rom_krom_pinv_dec_4".
Reading "sky130_rom_krom_contact_28".
Saving contents of cell sky130_rom_krom_contact_28
Reading "sky130_rom_krom_rom_base_array".
Reading "sky130_rom_krom_rom_poly_tap".
Reading "sky130_rom_krom_contact_11".
Reading "sky130_rom_krom_contact_12".
Reading "sky130_rom_krom_contact_13".
Reading "sky130_rom_krom_rom_base_zero_cell".
Reading "sky130_rom_krom_nmos_m1_w0_360_sm1_dm1".
Reading "sky130_rom_krom_contact_8".
Reading "sky130_rom_krom_contact_9".
Reading "sky130_rom_krom_rom_base_one_cell".
Reading "sky130_rom_krom_rom_precharge_array".
Reading "sky130_rom_krom_rom_poly_tap_0".
Reading "sky130_rom_krom_precharge_cell".
Reading "sky130_rom_krom_pmos_m1_w0_420_sli_dm1".
Reading "sky130_rom_krom_contact_10".
Reading "sky130_rom_krom_contact_14".
Reading "sky130_rom_krom_contact_15".
Reading "sky130_rom_krom_contact_16".
Reading "sky130_rom_krom_contact_17".
Reading "sky130_rom_krom_contact_18".
Reading "sky130_rom_krom_rom_row_decode".
Reading "sky130_rom_krom_rom_row_decode_array".
Reading "sky130_rom_krom_rom_poly_tap_1".
Reading "sky130_rom_krom_rom_poly_tap_2".
Reading "sky130_rom_krom_rom_precharge_array_0".
Reading "sky130_rom_krom_rom_poly_tap_3".
Reading "sky130_rom_krom_contact_21".
Reading "sky130_rom_krom_contact_22".
Reading "sky130_rom_krom_rom_address_control_array".
Reading "sky130_rom_krom_rom_address_control_buf".
Reading "sky130_rom_krom_inv_array_mod".
Reading "sky130_rom_krom_pmos_m1_w3_000_sli_dli_da_p".
Reading "sky130_rom_krom_nmos_m1_w0_740_sli_dli_da_p".
Reading "sky130_fd_bd_sram__openram_sp_nand2_dec".
Reading "sky130_rom_krom_contact_19".
Reading "sky130_rom_krom_contact_20".
Reading "sky130_rom_krom_rom_row_decode_wordline_buffer".
Reading "sky130_rom_krom_pbuf_dec".
Reading "sky130_rom_krom_pinv_dec_0".
Reading "sky130_rom_krom_pmos_m1_w7_000_sli_dli_da_p".
Reading "sky130_rom_krom_nmos_m1_w3_000_sli_dli_da_p".
Reading "sky130_rom_krom_pinv_dec_1".
Reading "sky130_rom_krom_nmos_m1_w7_000_sli_dli_da_p".
Reading "sky130_rom_krom_rom_control_logic".
Reading "sky130_rom_krom_rom_clock_driver".
Reading "sky130_rom_krom_pinv".
Reading "sky130_rom_krom_pmos_m1_w1_120_sli_dli_da_p".
Reading "sky130_rom_krom_nmos_m1_w0_360_sli_dli_da_p".
Reading "sky130_rom_krom_contact_26".
Reading "sky130_rom_krom_contact_27".
Reading "sky130_rom_krom_pinv_0".
Reading "sky130_rom_krom_pmos_m2_w1_260_sli_dli_da_p".
Reading "sky130_rom_krom_nmos_m2_w0_740_sli_dli_da_p".
Reading "sky130_rom_krom_pinv_1".
Reading "sky130_rom_krom_pmos_m3_w3_000_sli_dli_da_p".
Reading "sky130_rom_krom_nmos_m3_w3_000_sli_dli_da_p".
Reading "sky130_rom_krom_rom_control_nand".
Reading "sky130_rom_krom_pmos_m1_w1_120_sli_dli".
Reading "sky130_rom_krom_nmos_m1_w0_740_sli_dactive".
Reading "sky130_rom_krom_nmos_m1_w0_740_sactive_dli".
Reading "sky130_rom_krom_rom_precharge_driver".
Reading "sky130_rom_krom_pinv_2".
Reading "sky130_rom_krom_pmos_m2_w2_000_sli_dli_da_p".
Reading "sky130_rom_krom_nmos_m2_w1_260_sli_dli_da_p".
Reading "sky130_rom_krom_pinv_3".
Reading "sky130_rom_krom_pmos_m4_w3_000_sli_dli_da_p".
Reading "sky130_rom_krom_nmos_m4_w2_000_sli_dli_da_p".
Reading "sky130_rom_krom_pinv_4".
Reading "sky130_rom_krom_pmos_m7_w5_000_sli_dli_da_p".
Reading "sky130_rom_krom_nmos_m7_w3_000_sli_dli_da_p".
Reading "sky130_rom_krom_pinv_5".
Reading "sky130_rom_krom_pmos_m20_w5_000_sli_dli_da_p".
Reading "sky130_rom_krom_nmos_m20_w5_000_sli_dli_da_p".
Reading "sky130_rom_krom_rom_column_mux_array".
Reading "sky130_rom_krom_rom_column_mux".
Reading "sky130_rom_krom_nmos_m1_w2_880_sli_dli".
Reading "sky130_rom_krom_contact_23".
Reading "sky130_rom_krom_contact_24".
Reading "sky130_rom_krom_contact_25".
Reading "sky130_rom_krom_rom_column_decode".
Reading "sky130_rom_krom_rom_column_decode_wordline_buffer".
Reading "sky130_rom_krom_pinv_dec_2".
Reading "sky130_rom_krom_rom_bitline_inverter".
Reading "sky130_rom_krom_pinv_dec_3".
Reading "sky130_rom_krom_pmos_m1_w5_000_sli_dli_da_p".
Reading "sky130_rom_krom_nmos_m1_w1_680_sli_dli_da_p".
Reading "sky130_rom_krom_rom_output_buffer".
Reading "sky130_rom_krom_pinv_dec_4".
Reading "sky130_rom_krom_contact_28".
Finished reading gds sky130_rom_krom.gds
Finished loading cell sky130_rom_krom
Writing 'sky130_rom_krom_rom_output_buffer'
Writing 'sky130_rom_krom_nmos_m1_w1_680_sli_dli_da_p'
Writing 'sky130_rom_krom_nmos_m1_w2_880_sli_dli'
Writing 'sky130_rom_krom_pinv_dec_3'
Writing 'sky130_rom_krom_nmos_m1_w0_740_sactive_dli'
Writing 'sky130_rom_krom_pinv_dec_4'
Writing 'sky130_rom_krom_rom_bitline_inverter'
Writing 'sky130_rom_krom_nmos_m20_w5_000_sli_dli_da_p'
Writing 'sky130_rom_krom_rom_column_mux_array'
Writing 'sky130_rom_krom_pmos_m3_w3_000_sli_dli_da_p'
Writing 'sky130_rom_krom_nmos_m1_w0_360_sli_dli_da_p'
Writing 'sky130_rom_krom_nmos_m1_w0_360_sm1_dm1'
Writing 'sky130_rom_krom_rom_control_logic'
Writing 'sky130_rom_krom_rom_precharge_array_0'
Writing 'sky130_rom_krom_pmos_m1_w0_420_sli_dm1'
Writing 'sky130_rom_krom_pbuf_dec'
Writing 'sky130_rom_krom_rom_address_control_buf'
Writing 'sky130_rom_krom_rom_column_decode'
Writing 'sky130_rom_krom_rom_precharge_array'
Writing 'sky130_rom_krom_pmos_m4_w3_000_sli_dli_da_p'
Writing 'sky130_rom_krom_rom_row_decode_wordline_buffer'
Writing 'sky130_rom_krom_rom_column_mux'
Writing 'sky130_rom_krom_nmos_m1_w3_000_sli_dli_da_p'
Writing 'sky130_rom_krom_rom_row_decode'
Writing 'sky130_rom_krom_pmos_m1_w7_000_sli_dli_da_p'
Writing 'sky130_rom_krom_pmos_m2_w1_260_sli_dli_da_p'
Writing 'sky130_rom_krom_pinv'
Writing 'sky130_rom_krom_rom_address_control_array'
Writing 'sky130_rom_krom_contact_8'
Writing 'sky130_rom_krom_nmos_m7_w3_000_sli_dli_da_p'
Writing 'sky130_rom_krom_contact_9'
Writing 'sky130_rom_krom_rom_poly_tap_0'
Writing 'sky130_rom_krom_nmos_m4_w2_000_sli_dli_da_p'
Writing 'sky130_rom_krom_rom_poly_tap_1'
Writing 'sky130_rom_krom_rom_poly_tap_2'
Writing 'sky130_rom_krom_pmos_m1_w1_120_sli_dli'
Writing 'sky130_fd_bd_sram__openram_sp_nand2_dec'
Writing 'sky130_rom_krom_pmos_m2_w2_000_sli_dli_da_p'
Writing 'sky130_rom_krom_inv_array_mod'
Writing 'sky130_rom_krom_rom_poly_tap_3'
Writing 'sky130_rom_krom_pmos_m1_w5_000_sli_dli_da_p'
Writing 'sky130_rom_krom_contact_20'
Writing 'sky130_rom_krom_contact_21'
Writing 'sky130_rom_krom_contact_10'
Writing 'sky130_rom_krom_contact_22'
Writing 'sky130_rom_krom_contact_11'
Writing 'sky130_rom_krom_contact_23'
Writing 'sky130_rom_krom_pmos_m7_w5_000_sli_dli_da_p'
Writing 'sky130_rom_krom_contact_12'
Writing 'sky130_rom_krom_contact_24'
Writing 'sky130_rom_krom_contact_13'
Writing 'sky130_rom_krom_rom_base_array'
Writing 'sky130_rom_krom_pmos_m20_w5_000_sli_dli_da_p'
Writing 'sky130_rom_krom_rom_control_nand'
Writing 'sky130_rom_krom_contact_25'
Writing 'sky130_rom_krom_nmos_m3_w3_000_sli_dli_da_p'
Writing 'sky130_rom_krom_contact_14'
Writing 'sky130_rom_krom_rom_precharge_driver'
Writing 'sky130_rom_krom_nmos_m1_w0_740_sli_dactive'
Writing 'sky130_rom_krom_contact_26'
Writing 'sky130_rom_krom_contact_15'
Writing 'sky130_rom_krom_contact_27'
Writing 'sky130_rom_krom_contact_16'
Writing 'sky130_rom_krom_rom_poly_tap'
Writing 'sky130_rom_krom_pmos_m1_w3_000_sli_dli_da_p'
Writing 'sky130_rom_krom_contact_28'
Writing 'sky130_rom_krom_rom_column_decode_wordline_buffer'
Writing 'sky130_rom_krom_rom_row_decode_array'
Writing 'sky130_rom_krom_contact_17'
Writing 'sky130_rom_krom_nmos_m1_w0_740_sli_dli_da_p'
Writing 'sky130_rom_krom_contact_18'
Writing 'sky130_rom_krom_pinv_0'
Writing 'sky130_rom_krom_contact_19'
Writing 'sky130_rom_krom_rom_base_one_cell'
Writing 'sky130_rom_krom_pinv_1'
Writing 'sky130_rom_krom_pinv_2'
Writing 'sky130_rom_krom'
Writing 'sky130_rom_krom_pinv_3'
Writing 'sky130_rom_krom_pinv_4'
Writing 'sky130_rom_krom_rom_clock_driver'
Writing 'sky130_rom_krom_pinv_dec_0'
Writing 'sky130_rom_krom_pmos_m1_w1_120_sli_dli_da_p'
Writing 'sky130_rom_krom_pinv_dec_1'
Writing 'sky130_rom_krom_pinv_5'
Writing 'sky130_rom_krom_nmos_m1_w7_000_sli_dli_da_p'
Writing 'sky130_rom_krom_pinv_dec_2'
Writing 'sky130_rom_krom_nmos_m2_w1_260_sli_dli_da_p'
Writing 'sky130_rom_krom_nmos_m2_w0_740_sli_dli_da_p'
Writing 'sky130_rom_krom_precharge_cell'
Writing 'sky130_rom_krom_rom_base_zero_cell'
Annotating port orders from sky130_rom_krom.sp
Annotating cell sky130_rom_krom_rom_base_zero_cell
Annotating cell sky130_rom_krom_precharge_cell
Cell sky130_rom_krom_precharge_cell port order was modified.
Annotating cell sky130_rom_krom_rom_precharge_array_0
Cell sky130_rom_krom_rom_precharge_array_0 port order was modified.
Annotating cell sky130_rom_krom_rom_base_one_cell
Annotating cell sky130_rom_krom_rom_row_decode_array
Cell sky130_rom_krom_rom_row_decode_array port order was modified.
Annotating cell sky130_fd_bd_sram__openram_sp_nand2_dec
Cell sky130_fd_bd_sram__openram_sp_nand2_dec port order was modified.
Annotating cell sky130_rom_krom_inv_array_mod
Cell sky130_rom_krom_inv_array_mod port order was modified.
Annotating cell sky130_rom_krom_rom_address_control_buf
Cell sky130_rom_krom_rom_address_control_buf port order was modified.
Annotating cell sky130_rom_krom_rom_address_control_array
Cell sky130_rom_krom_rom_address_control_array port order was modified.
Annotating cell sky130_rom_krom_pinv_dec_1
Cell sky130_rom_krom_pinv_dec_1 port order was modified.
Annotating cell sky130_rom_krom_pinv_dec_0
Cell sky130_rom_krom_pinv_dec_0 port order was modified.
Annotating cell sky130_rom_krom_pbuf_dec
Cell sky130_rom_krom_pbuf_dec port order was modified.
Annotating cell sky130_rom_krom_rom_row_decode_wordline_buffer
Cell sky130_rom_krom_rom_row_decode_wordline_buffer port order was modified.
Annotating cell sky130_rom_krom_rom_row_decode
Cell sky130_rom_krom_rom_row_decode port order was modified.
Annotating cell sky130_rom_krom_rom_column_mux
Cell sky130_rom_krom_rom_column_mux port order was modified.
Annotating cell sky130_rom_krom_rom_column_mux_array
Cell sky130_rom_krom_rom_column_mux_array port order was modified.
Annotating cell sky130_rom_krom_rom_precharge_array
Cell sky130_rom_krom_rom_precharge_array port order was modified.
Annotating cell sky130_rom_krom_rom_base_array
Cell sky130_rom_krom_rom_base_array port order was modified.
Annotating cell sky130_rom_krom_pinv_1
Cell sky130_rom_krom_pinv_1 port order was modified.
Annotating cell sky130_rom_krom_pinv
Cell sky130_rom_krom_pinv port order was modified.
Annotating cell sky130_rom_krom_pinv_0
Cell sky130_rom_krom_pinv_0 port order was modified.
Annotating cell sky130_rom_krom_rom_clock_driver
Cell sky130_rom_krom_rom_clock_driver port order was modified.
Annotating cell sky130_rom_krom_pinv_5
Cell sky130_rom_krom_pinv_5 port order was modified.
Annotating cell sky130_rom_krom_pinv_3
Cell sky130_rom_krom_pinv_3 port order was modified.
Annotating cell sky130_rom_krom_pinv_2
Cell sky130_rom_krom_pinv_2 port order was modified.
Annotating cell sky130_rom_krom_pinv_4
Cell sky130_rom_krom_pinv_4 port order was modified.
Annotating cell sky130_rom_krom_rom_precharge_driver
Cell sky130_rom_krom_rom_precharge_driver port order was modified.
Annotating cell sky130_rom_krom_rom_control_nand
Cell sky130_rom_krom_rom_control_nand port order was modified.
Annotating cell sky130_rom_krom_rom_control_logic
Cell sky130_rom_krom_rom_control_logic port order was modified.
Annotating cell sky130_rom_krom_pinv_dec_3
Cell sky130_rom_krom_pinv_dec_3 port order was modified.
Annotating cell sky130_rom_krom_rom_bitline_inverter
Cell sky130_rom_krom_rom_bitline_inverter port order was modified.
Annotating cell sky130_rom_krom_pinv_dec_2
Cell sky130_rom_krom_pinv_dec_2 port order was modified.
Annotating cell sky130_rom_krom_rom_column_decode_wordline_buffer
Cell sky130_rom_krom_rom_column_decode_wordline_buffer port order was modified.
Annotating cell sky130_rom_krom_rom_column_decode
Cell sky130_rom_krom_rom_column_decode port order was modified.
Annotating cell sky130_rom_krom_pinv_dec_4
Cell sky130_rom_krom_pinv_dec_4 port order was modified.
Annotating cell sky130_rom_krom_rom_output_buffer
Cell sky130_rom_krom_rom_output_buffer port order was modified.
Annotating cell sky130_rom_krom
Cell sky130_rom_krom port order was modified.
The following types are not handled by extraction and will be treated as non-electrical types:
    ubm 
Extraction style is now "ngspice(si)"
Processing sky130_rom_krom_pinv_dec_4
Processing sky130_rom_krom_rom_output_buffer
Processing sky130_rom_krom_pinv_dec_3
Processing sky130_rom_krom_rom_bitline_inverter
Processing sky130_rom_krom_pinv_dec_2
Processing sky130_rom_krom_rom_column_decode_wordline_buffer
Processing sky130_fd_bd_sram__openram_sp_nand2_dec
Processing sky130_rom_krom_inv_array_mod
Processing sky130_rom_krom_rom_address_control_buf
Processing sky130_rom_krom_rom_address_control_array
Processing sky130_rom_krom_rom_poly_tap_3
Processing sky130_rom_krom_precharge_cell
Processing sky130_rom_krom_rom_precharge_array_0
Processing sky130_rom_krom_rom_base_zero_cell
Processing sky130_rom_krom_rom_base_one_cell
Processing sky130_rom_krom_rom_poly_tap_1
Processing sky130_rom_krom_rom_poly_tap_2
Processing sky130_rom_krom_rom_row_decode_array
Processing sky130_rom_krom_rom_column_decode
Processing sky130_rom_krom_rom_column_mux
Processing sky130_rom_krom_rom_column_mux_array
Processing sky130_rom_krom_pinv_5
Processing sky130_rom_krom_pinv_4
Processing sky130_rom_krom_pinv_3
Processing sky130_rom_krom_pinv_2
Processing sky130_rom_krom_pinv
Processing sky130_rom_krom_rom_precharge_driver
Processing sky130_rom_krom_rom_control_nand
Processing sky130_rom_krom_pinv_1
Processing sky130_rom_krom_pinv_0
Processing sky130_rom_krom_rom_clock_driver
Processing sky130_rom_krom_rom_control_logic
Processing sky130_rom_krom_pinv_dec_1
Processing sky130_rom_krom_pinv_dec_0
Processing sky130_rom_krom_pbuf_dec
Processing sky130_rom_krom_rom_row_decode_wordline_buffer
Processing sky130_rom_krom_rom_row_decode
Processing sky130_rom_krom_rom_poly_tap_0
Processing sky130_rom_krom_rom_precharge_array
Processing sky130_rom_krom_rom_poly_tap
Processing sky130_rom_krom_rom_base_array
Processing sky130_rom_krom
Extracting sky130_rom_krom_pinv_dec_4 into sky130_rom_krom_pinv_dec_4.ext:
Extracting sky130_rom_krom_rom_output_buffer into sky130_rom_krom_rom_output_buffer.ext:
Extracting sky130_rom_krom_pinv_dec_3 into sky130_rom_krom_pinv_dec_3.ext:
Extracting sky130_rom_krom_rom_bitline_inverter into sky130_rom_krom_rom_bitline_inverter.ext:
Extracting sky130_rom_krom_pinv_dec_2 into sky130_rom_krom_pinv_dec_2.ext:
Extracting sky130_rom_krom_rom_column_decode_wordline_buffer into sky130_rom_krom_rom_column_decode_wordline_buffer.ext:
Extracting sky130_fd_bd_sram__openram_sp_nand2_dec into sky130_fd_bd_sram__openram_sp_nand2_dec.ext:
Extracting sky130_rom_krom_inv_array_mod into sky130_rom_krom_inv_array_mod.ext:
Extracting sky130_rom_krom_rom_address_control_buf into sky130_rom_krom_rom_address_control_buf.ext:
Extracting sky130_rom_krom_rom_address_control_array into sky130_rom_krom_rom_address_control_array.ext:
Extracting sky130_rom_krom_rom_poly_tap_3 into sky130_rom_krom_rom_poly_tap_3.ext:
Extracting sky130_rom_krom_precharge_cell into sky130_rom_krom_precharge_cell.ext:
Extracting sky130_rom_krom_rom_precharge_array_0 into sky130_rom_krom_rom_precharge_array_0.ext:
Extracting sky130_rom_krom_rom_base_zero_cell into sky130_rom_krom_rom_base_zero_cell.ext:
sky130_rom_krom_rom_base_zero_cell: 1 warning
Extracting sky130_rom_krom_rom_base_one_cell into sky130_rom_krom_rom_base_one_cell.ext:
Extracting sky130_rom_krom_rom_poly_tap_1 into sky130_rom_krom_rom_poly_tap_1.ext:
Extracting sky130_rom_krom_rom_poly_tap_2 into sky130_rom_krom_rom_poly_tap_2.ext:
Extracting sky130_rom_krom_rom_row_decode_array into sky130_rom_krom_rom_row_decode_array.ext:
Extracting sky130_rom_krom_rom_column_decode into sky130_rom_krom_rom_column_decode.ext:
Extracting sky130_rom_krom_rom_column_mux into sky130_rom_krom_rom_column_mux.ext:
Extracting sky130_rom_krom_rom_column_mux_array into sky130_rom_krom_rom_column_mux_array.ext:
Extracting sky130_rom_krom_pinv_5 into sky130_rom_krom_pinv_5.ext:
Extracting sky130_rom_krom_pinv_4 into sky130_rom_krom_pinv_4.ext:
Extracting sky130_rom_krom_pinv_3 into sky130_rom_krom_pinv_3.ext:
Extracting sky130_rom_krom_pinv_2 into sky130_rom_krom_pinv_2.ext:
Extracting sky130_rom_krom_pinv into sky130_rom_krom_pinv.ext:
Extracting sky130_rom_krom_rom_precharge_driver into sky130_rom_krom_rom_precharge_driver.ext:
Extracting sky130_rom_krom_rom_control_nand into sky130_rom_krom_rom_control_nand.ext:
Extracting sky130_rom_krom_pinv_1 into sky130_rom_krom_pinv_1.ext:
Extracting sky130_rom_krom_pinv_0 into sky130_rom_krom_pinv_0.ext:
Extracting sky130_rom_krom_rom_clock_driver into sky130_rom_krom_rom_clock_driver.ext:
Extracting sky130_rom_krom_rom_control_logic into sky130_rom_krom_rom_control_logic.ext:
Extracting sky130_rom_krom_pinv_dec_1 into sky130_rom_krom_pinv_dec_1.ext:
Extracting sky130_rom_krom_pinv_dec_0 into sky130_rom_krom_pinv_dec_0.ext:
Extracting sky130_rom_krom_pbuf_dec into sky130_rom_krom_pbuf_dec.ext:
Extracting sky130_rom_krom_rom_row_decode_wordline_buffer into sky130_rom_krom_rom_row_decode_wordline_buffer.ext:
Extracting sky130_rom_krom_rom_row_decode into sky130_rom_krom_rom_row_decode.ext:
Extracting sky130_rom_krom_rom_poly_tap_0 into sky130_rom_krom_rom_poly_tap_0.ext:
Extracting sky130_rom_krom_rom_precharge_array into sky130_rom_krom_rom_precharge_array.ext:
Extracting sky130_rom_krom_rom_poly_tap into sky130_rom_krom_rom_poly_tap.ext:
Extracting sky130_rom_krom_rom_base_array into sky130_rom_krom_rom_base_array.ext:
Extracting sky130_rom_krom into sky130_rom_krom.ext:
device missing 1 terminal;
 connecting remainder to node D
Finished extract
exttospice finished.
device missing 1 terminal;
 connecting remainder to node D
Finished ext2spice
Sun Jul 20 03:54:17 AM UTC 2025: Finished (0) GDS to MAG using Magic /workspaces/OpenRAM/miniconda/bin/magic
