[2025-07-17 01:06:02.179441] [openram.globals/init_openram]: Initializing OpenRAM...
[2025-07-17 01:06:02.179772] [openram.globals/setup_paths]: OpenRAM source code found in /workspaces/OpenRAM/compiler
[2025-07-17 01:06:02.180012] [openram.globals/setup_paths]: Temporary files saved in /workspaces/OpenRAM/macros/sky130_rom_1kbyte/tmp/
[2025-07-17 01:06:02.180285] [openram.globals/read_config]: Configuration file is /workspaces/OpenRAM/macros/rom_configs/sky130_rom_1kbyte.py
[2025-07-17 01:06:02.181706] [openram.globals/read_config]: Output saved in /workspaces/OpenRAM/macros/sky130_rom_1kbyte/
[2025-07-17 01:06:02.181957] [openram.globals/install_conda]: Creating conda setup...
[2025-07-17 01:06:02.185159] [openram.globals/import_tech]: Tech directory found in /workspaces/OpenRAM/technology:/workspaces/OpenRAM/compiler/../technology
[2025-07-17 01:06:02.185514] [openram.globals/import_tech]: Adding technology path: /workspaces/OpenRAM/technology
[2025-07-17 01:06:02.185796] [openram.globals/import_tech]: Adding technology path: /workspaces/OpenRAM/compiler/../technology
[2025-07-17 01:06:02.200626] [openram.globals/init_paths]: Creating temp directory: /workspaces/OpenRAM/macros/sky130_rom_1kbyte/tmp/
[2025-07-17 01:06:02.797106] [openram.globals/setup_bitcell]: Using bitcell: bitcell_1port
[2025-07-17 01:06:04.223699] [openram.characterizer/<module>]: Initializing characterizer...
[2025-07-17 01:06:04.234173] [openram.characterizer/<module>]: Analytical model enabled.
[2025-07-17 01:06:04.248110] [openram.verify/<module>]: Initializing verify...
[2025-07-17 01:06:04.259456] [openram.verify/<module>]: Finding DRC/LVS/PEX tools.
[2025-07-17 01:06:04.274240] [openram.globals/get_tool]: Using DRC: /workspaces/OpenRAM/miniconda/bin/magic
[2025-07-17 01:06:04.289021] [openram.globals/get_tool]: Using LVS: /workspaces/OpenRAM/miniconda/bin/netgen
[2025-07-17 01:06:04.303458] [openram.globals/get_tool]: Using PEX: /workspaces/OpenRAM/miniconda/bin/magic
[2025-07-17 01:06:04.309693] |==============================================================================|
[2025-07-17 01:06:04.309777] |=========                      OpenRAM v1.2.49                       =========|
[2025-07-17 01:06:04.311960] |=========                                                            =========|
[2025-07-17 01:06:04.312140] |=========               VLSI Design and Automation Lab               =========|
[2025-07-17 01:06:04.312308] |=========        Computer Science and Engineering Department         =========|
[2025-07-17 01:06:04.312468] |=========            University of California Santa Cruz             =========|
[2025-07-17 01:06:04.312626] |=========                                                            =========|
[2025-07-17 01:06:04.312783] |=========          Usage help: openram-user-group@ucsc.edu           =========|
[2025-07-17 01:06:04.312975] |=========        Development help: openram-dev-group@ucsc.edu        =========|
[2025-07-17 01:06:04.313109] |=========                See LICENSE for license info                =========|
[2025-07-17 01:06:04.313198] |==============================================================================|
[2025-07-17 01:06:04.313367] ** Start: 07/17/2025 01:06:04
[2025-07-17 01:06:04.313555] Output files are: 
[2025-07-17 01:06:04.313650] /workspaces/OpenRAM/macros/sky130_rom_1kbyte/sky130_rom_1kbyte.sp
[2025-07-17 01:06:04.313785] /workspaces/OpenRAM/macros/sky130_rom_1kbyte/sky130_rom_1kbyte.v
[2025-07-17 01:06:04.313988] /workspaces/OpenRAM/macros/sky130_rom_1kbyte/sky130_rom_1kbyte.lef
[2025-07-17 01:06:04.314210] /workspaces/OpenRAM/macros/sky130_rom_1kbyte/sky130_rom_1kbyte.gds
[2025-07-17 01:06:04.323746] [openram.rom_config/compute_sizes]: Read rom data file: length 1024.0 bytes, 1024 words, set number of cols to 128, rows to 64, with 16 words per row
[2025-07-17 01:06:04.324036] create rom of word size 1 with 1024 num of words
[2025-07-17 01:06:04.338566] [openram.modules.bitcell_base_array/__init__]: Creating sky130_rom_1kbyte_rom_base_array 64 x 128
[2025-07-17 01:06:23.348954] [openram.modules.rom_wordline_driver_array/__init__]: Creating sky130_rom_1kbyte_rom_row_decode_wordline_buffer
[2025-07-17 01:06:23.350241] [openram.modules.pbuf_dec/__init__]: creating pbuf_dec with size of 16
[2025-07-17 01:06:23.405153] [openram.modules.bitcell_base_array/__init__]: Creating sky130_rom_1kbyte_rom_row_decode_array 12 x 64
[2025-07-17 01:06:23.949922] [openram.modules.rom_column_mux_array/__init__]: Creating sky130_rom_1kbyte_rom_column_mux_array
[2025-07-17 01:06:24.082308] [openram.modules.rom_wordline_driver_array/__init__]: Creating sky130_rom_1kbyte_rom_column_decode_wordline_buffer
[2025-07-17 01:06:24.094642] [openram.modules.bitcell_base_array/__init__]: Creating sky130_rom_1kbyte_rom_column_decode_array 8 x 16
[2025-07-17 01:06:24.166311] [openram.modules.pdriver/__init__]: creating pdriver rom_clock_driver
[2025-07-17 01:06:24.193221] [openram.modules.pdriver/__init__]: creating pdriver rom_precharge_driver
[2025-07-17 01:06:24.219844] [openram.modules.rom_wordline_driver_array/__init__]: Creating sky130_rom_1kbyte_rom_bitline_inverter
[2025-07-17 01:06:24.292148] [openram.modules.rom_wordline_driver_array/__init__]: Creating sky130_rom_1kbyte_rom_output_buffer
[2025-07-17 01:06:24.319282] ** Submodules: 20.0 seconds
[2025-07-17 01:06:24.320106] ** Placement: 0.0 seconds
[2025-07-17 01:06:33.490576] [openram.base.hierarchy_layout/get_bbox]: Size: 175.13 x 122.55 with perimeter margin 0
[2025-07-17 01:06:33.566226] [openram.router.router_tech/__init__]: Minimum track width: 0.680
[2025-07-17 01:06:33.566868] [openram.router.router_tech/__init__]: Minimum track space: 0.300
[2025-07-17 01:06:33.567449] [openram.router.router_tech/__init__]: Minimum track wire width: 0.380
[2025-07-17 01:06:33.568063] [openram.router.supply_router/route]: Running router for vdd and gnd...
[2025-07-17 01:06:48.765675] [openram.router.router_tech/__init__]: Minimum track width: 0.680
[2025-07-17 01:06:48.766090] [openram.router.router_tech/__init__]: Minimum track space: 0.300
[2025-07-17 01:06:48.766415] [openram.router.router_tech/__init__]: Minimum track wire width: 0.380
[2025-07-17 01:06:48.766728] [openram.router.signal_escape_router/route]: Running signal escape router...
[2025-07-17 01:07:00.099097] ** Routing: 35.8 seconds
[2025-07-17 01:07:30.460140] [openram.verify.run_script/run_script]: Still running /workspaces/OpenRAM/macros/sky130_rom_1kbyte/tmp/run_ext.sh (30 seconds)
[2025-07-17 01:08:00.495395] [openram.verify.run_script/run_script]: Still running /workspaces/OpenRAM/macros/sky130_rom_1kbyte/tmp/run_ext.sh (60 seconds)
[2025-07-17 01:08:30.526519] [openram.verify.run_script/run_script]: Still running /workspaces/OpenRAM/macros/sky130_rom_1kbyte/tmp/run_ext.sh (90 seconds)
[2025-07-17 01:09:00.557773] [openram.verify.run_script/run_script]: Still running /workspaces/OpenRAM/macros/sky130_rom_1kbyte/tmp/run_ext.sh (120 seconds)
[2025-07-17 01:09:30.594335] [openram.verify.run_script/run_script]: Still running /workspaces/OpenRAM/macros/sky130_rom_1kbyte/tmp/run_ext.sh (150 seconds)
[2025-07-17 01:10:00.628018] [openram.verify.run_script/run_script]: Still running /workspaces/OpenRAM/macros/sky130_rom_1kbyte/tmp/run_ext.sh (180 seconds)
[2025-07-17 01:10:30.659399] [openram.verify.run_script/run_script]: Still running /workspaces/OpenRAM/macros/sky130_rom_1kbyte/tmp/run_ext.sh (210 seconds)
[2025-07-17 01:11:00.694107] [openram.verify.run_script/run_script]: Still running /workspaces/OpenRAM/macros/sky130_rom_1kbyte/tmp/run_ext.sh (240 seconds)
[2025-07-17 01:11:12.720923] [openram.verify.magic/run_drc]: DRC Errors sky130_rom_1kbyte	0
[2025-07-17 01:11:14.743792] [openram.verify.magic/run_lvs]: sky130_rom_1kbyte	LVS matches
[2025-07-17 01:11:14.744067] ** Verification: 254.6 seconds
[2025-07-17 01:11:14.744164] ** ROM creation: 310.4 seconds
[2025-07-17 01:11:14.744274] SP: Writing to /workspaces/OpenRAM/macros/sky130_rom_1kbyte/sky130_rom_1kbyte.sp
[2025-07-17 01:11:14.883689] ** Spice writing: 0.1 seconds
[2025-07-17 01:11:14.883851] GDS: Writing to /workspaces/OpenRAM/macros/sky130_rom_1kbyte/sky130_rom_1kbyte.gds
[2025-07-17 01:11:15.053589] ** GDS: 0.2 seconds
[2025-07-17 01:11:15.053693] LEF: Writing to /workspaces/OpenRAM/macros/sky130_rom_1kbyte/sky130_rom_1kbyte.lef
[2025-07-17 01:11:15.054913] ** LEF: 0.0 seconds
[2025-07-17 01:11:15.054997] LVS: Writing to /workspaces/OpenRAM/macros/sky130_rom_1kbyte/sky130_rom_1kbyte.lvs.sp
[2025-07-17 01:11:15.201161] ** LVS writing: 0.1 seconds
[2025-07-17 01:11:15.201502] Config: Writing to /workspaces/OpenRAM/macros/sky130_rom_1kbyte/sky130_rom_1kbyte.py
[2025-07-17 01:11:15.201590] ** Config: 0.0 seconds
[2025-07-17 01:11:15.201664] Verilog: Writing to /workspaces/OpenRAM/macros/sky130_rom_1kbyte/sky130_rom_1kbyte.v
[2025-07-17 01:11:15.201869] ** Verilog: 0.0 seconds
[2025-07-17 01:11:15.202140] [openram.globals/cleanup_paths]: Preserving temp directory: /workspaces/OpenRAM/macros/sky130_rom_1kbyte/tmp/
[2025-07-17 01:11:15.202370] [openram.verify.magic/print_drc_stats]: DRC runs: 1
[2025-07-17 01:11:15.202690] [openram.verify.magic/print_lvs_stats]: LVS runs: 1
[2025-07-17 01:11:15.202974] [openram.verify.magic/print_pex_stats]: PEX runs: 0
[2025-07-17 01:11:15.203053] ** End: 310.9 seconds
