[2025-07-17 02:12:28.707523] [openram.globals/init_openram]: Initializing OpenRAM...
[2025-07-17 02:12:28.708007] [openram.globals/setup_paths]: OpenRAM source code found in /workspaces/OpenRAM/compiler
[2025-07-17 02:12:28.708308] [openram.globals/setup_paths]: Temporary files saved in /workspaces/OpenRAM/macros/sky130_rom_krom/tmp/
[2025-07-17 02:12:28.708652] [openram.globals/read_config]: Configuration file is /workspaces/OpenRAM/macros/rom_configs/sky130_rom_krom.py
[2025-07-17 02:12:28.709630] [openram.globals/read_config]: Output saved in /workspaces/OpenRAM/macros/sky130_rom_krom/
[2025-07-17 02:12:28.709934] [openram.globals/install_conda]: Creating conda setup...
[2025-07-17 02:12:28.714126] [openram.globals/import_tech]: Tech directory found in /workspaces/OpenRAM/technology:/workspaces/OpenRAM/miniconda/lib/python3.8/site-packages/openram/technology
[2025-07-17 02:12:28.714517] [openram.globals/import_tech]: Adding technology path: /workspaces/OpenRAM/technology
[2025-07-17 02:12:28.714817] [openram.globals/import_tech]: Adding technology path: /workspaces/OpenRAM/miniconda/lib/python3.8/site-packages/openram/technology
[2025-07-17 02:12:28.719055] [openram.globals/purge_temp]: Purging temp directory: /workspaces/OpenRAM/macros/sky130_rom_krom/tmp/
[2025-07-17 02:12:28.807797] [openram.globals/setup_bitcell]: Using bitcell: bitcell_1port
[2025-07-17 02:12:29.282039] [openram.characterizer/<module>]: Initializing characterizer...
[2025-07-17 02:12:29.292419] [openram.characterizer/<module>]: Analytical model enabled.
[2025-07-17 02:12:29.303808] [openram.verify/<module>]: Initializing verify...
[2025-07-17 02:12:29.313900] [openram.verify/<module>]: Finding DRC/LVS/PEX tools.
[2025-07-17 02:12:29.324429] [openram.globals/get_tool]: Using DRC: /workspaces/OpenRAM/miniconda/bin/magic
[2025-07-17 02:12:29.334592] [openram.globals/get_tool]: Using LVS: /workspaces/OpenRAM/miniconda/bin/netgen
[2025-07-17 02:12:29.346851] [openram.globals/get_tool]: Using PEX: /workspaces/OpenRAM/miniconda/bin/magic
[2025-07-17 02:12:29.347523] |==============================================================================|
[2025-07-17 02:12:29.347623] |=========                      OpenRAM v1.2.49                       =========|
[2025-07-17 02:12:29.347714] |=========                                                            =========|
[2025-07-17 02:12:29.347794] |=========               VLSI Design and Automation Lab               =========|
[2025-07-17 02:12:29.347893] |=========        Computer Science and Engineering Department         =========|
[2025-07-17 02:12:29.347977] |=========            University of California Santa Cruz             =========|
[2025-07-17 02:12:29.348056] |=========                                                            =========|
[2025-07-17 02:12:29.348129] |=========          Usage help: openram-user-group@ucsc.edu           =========|
[2025-07-17 02:12:29.348193] |=========        Development help: openram-dev-group@ucsc.edu        =========|
[2025-07-17 02:12:29.348253] |=========                See LICENSE for license info                =========|
[2025-07-17 02:12:29.348311] |==============================================================================|
[2025-07-17 02:12:29.348383] ** Start: 07/17/2025 02:12:29
[2025-07-17 02:12:29.348451] Output files are: 
[2025-07-17 02:12:29.348521] /workspaces/OpenRAM/macros/sky130_rom_krom/sky130_rom_krom.sp
[2025-07-17 02:12:29.348596] /workspaces/OpenRAM/macros/sky130_rom_krom/sky130_rom_krom.v
[2025-07-17 02:12:29.348670] /workspaces/OpenRAM/macros/sky130_rom_krom/sky130_rom_krom.lef
[2025-07-17 02:12:29.348741] /workspaces/OpenRAM/macros/sky130_rom_krom/sky130_rom_krom.gds
[2025-07-17 02:12:29.350301] [openram.rom_config/compute_sizes]: Read rom data file: length 256.0 bytes, 256 words, set number of cols to 64, rows to 32, with 8 words per row
[2025-07-17 02:12:29.350452] create rom of word size 1 with 256 num of words
[2025-07-17 02:12:29.357421] [openram.modules.bitcell_base_array/__init__]: Creating sky130_rom_krom_rom_base_array 32 x 64
[2025-07-17 02:12:31.040861] [openram.modules.rom_wordline_driver_array/__init__]: Creating sky130_rom_krom_rom_row_decode_wordline_buffer
[2025-07-17 02:12:31.042030] [openram.modules.pbuf_dec/__init__]: creating pbuf_dec with size of 8
[2025-07-17 02:12:31.072478] [openram.modules.bitcell_base_array/__init__]: Creating sky130_rom_krom_rom_row_decode_array 10 x 32
[2025-07-17 02:12:31.249700] [openram.modules.rom_column_mux_array/__init__]: Creating sky130_rom_krom_rom_column_mux_array
[2025-07-17 02:12:31.321046] [openram.modules.rom_wordline_driver_array/__init__]: Creating sky130_rom_krom_rom_column_decode_wordline_buffer
[2025-07-17 02:12:31.327530] [openram.modules.bitcell_base_array/__init__]: Creating sky130_rom_krom_rom_column_decode_array 6 x 8
[2025-07-17 02:12:31.365155] [openram.modules.pdriver/__init__]: creating pdriver rom_clock_driver
[2025-07-17 02:12:31.397216] [openram.modules.pdriver/__init__]: creating pdriver rom_precharge_driver
[2025-07-17 02:12:31.427495] [openram.modules.rom_wordline_driver_array/__init__]: Creating sky130_rom_krom_rom_bitline_inverter
[2025-07-17 02:12:31.468071] [openram.modules.rom_wordline_driver_array/__init__]: Creating sky130_rom_krom_rom_output_buffer
[2025-07-17 02:12:31.485659] ** Submodules: 2.1 seconds
[2025-07-17 02:12:31.486410] ** Placement: 0.0 seconds
[2025-07-17 02:12:34.332257] [openram.base.hierarchy_layout/get_bbox]: Size: 100.87 x 79.67 with perimeter margin 0
[2025-07-17 02:12:34.360107] [openram.router.router_tech/__init__]: Minimum track width: 0.680
[2025-07-17 02:12:34.360461] [openram.router.router_tech/__init__]: Minimum track space: 0.300
[2025-07-17 02:12:34.360771] [openram.router.router_tech/__init__]: Minimum track wire width: 0.380
[2025-07-17 02:12:34.361105] [openram.router.supply_router/route]: Running router for vdd and gnd...
[2025-07-17 02:12:40.919703] [openram.router.router_tech/__init__]: Minimum track width: 0.680
[2025-07-17 02:12:40.920107] [openram.router.router_tech/__init__]: Minimum track space: 0.300
[2025-07-17 02:12:40.920419] [openram.router.router_tech/__init__]: Minimum track wire width: 0.380
[2025-07-17 02:12:40.920725] [openram.router.signal_escape_router/route]: Running signal escape router...
[2025-07-17 02:12:45.035895] ** Routing: 13.5 seconds
[2025-07-17 02:13:15.215029] [openram.verify.run_script/run_script]: Still running /workspaces/OpenRAM/macros/sky130_rom_krom/tmp/run_ext.sh (30 seconds)
[2025-07-17 02:13:40.255099] [openram.verify.magic/run_drc]: DRC Errors sky130_rom_krom	0
[2025-07-17 02:13:41.268920] [openram.verify.magic/run_lvs]: sky130_rom_krom	LVS matches
[2025-07-17 02:13:41.269208] ** Verification: 56.2 seconds
[2025-07-17 02:13:41.269309] ** ROM creation: 71.9 seconds
[2025-07-17 02:13:41.269423] SP: Writing to /workspaces/OpenRAM/macros/sky130_rom_krom/sky130_rom_krom.sp
[2025-07-17 02:13:41.310719] ** Spice writing: 0.0 seconds
[2025-07-17 02:13:41.310849] GDS: Writing to /workspaces/OpenRAM/macros/sky130_rom_krom/sky130_rom_krom.gds
[2025-07-17 02:13:41.396076] ** GDS: 0.1 seconds
[2025-07-17 02:13:41.396178] LEF: Writing to /workspaces/OpenRAM/macros/sky130_rom_krom/sky130_rom_krom.lef
[2025-07-17 02:13:41.397318] ** LEF: 0.0 seconds
[2025-07-17 02:13:41.397404] LVS: Writing to /workspaces/OpenRAM/macros/sky130_rom_krom/sky130_rom_krom.lvs.sp
[2025-07-17 02:13:41.440744] ** LVS writing: 0.0 seconds
[2025-07-17 02:13:41.441094] Config: Writing to /workspaces/OpenRAM/macros/sky130_rom_krom/sky130_rom_krom.py
[2025-07-17 02:13:41.441186] ** Config: 0.0 seconds
[2025-07-17 02:13:41.441263] Verilog: Writing to /workspaces/OpenRAM/macros/sky130_rom_krom/sky130_rom_krom.v
[2025-07-17 02:13:41.441438] ** Verilog: 0.0 seconds
[2025-07-17 02:13:41.441704] [openram.globals/cleanup_paths]: Preserving temp directory: /workspaces/OpenRAM/macros/sky130_rom_krom/tmp/
[2025-07-17 02:13:41.441962] [openram.verify.magic/print_drc_stats]: DRC runs: 1
[2025-07-17 02:13:41.442171] [openram.verify.magic/print_lvs_stats]: LVS runs: 1
[2025-07-17 02:13:41.442373] [openram.verify.magic/print_pex_stats]: PEX runs: 0
[2025-07-17 02:13:41.442458] ** End: 72.1 seconds
